<?xml version="1.0" encoding="UTF-8"?>
<!-- Generated by org.testng.reporters.JUnitXMLReporter -->
<testsuite hostname="ODS1-LHP-F36945" tests="10" failures="0" timestamp="29 Nov 2017 14:40:52 GMT" time="0.192" errors="0">
  <testcase name="Exception1Test on Exception1Test(Tests)" time="0.0" classname="Tests"/>
  <testcase name="Exception2Test on Exception2Test(Tests)" time="0.0" classname="Tests"/>
  <testcase name="Exception3Test on Exception3Test(Tests)" time="0.0" classname="Tests"/>
  <testcase name="Exception4Test on Exception4Test(Tests)" time="0.0" classname="Tests"/>
  <testcase name="Exception5Test on Exception5Test(Tests)" time="0.0" classname="Tests"/>
  <testcase name="Exception6Test on Exception6Test(Tests)" time="0.0" classname="Tests"/>
  <testcase name="Exception7Test on Exception7Test(Tests)" time="0.0" classname="Tests"/>
  <testcase name="Exception8Test on Exception8Test(Tests)" time="0.0" classname="Tests"/>
  <testcase name="Exception9Test on Exception9Test(Tests)" time="0.0" classname="Tests"/>
  <testcase name="Exception10Test on Exception10Test(Tests)" time="0.06" classname="Tests"/>
</testsuite>
