<?xml version="1.0" encoding="UTF-8"?>
<testsuite xmlns:xsi="http://www.w3.org/2001/XMLSchema-instance" xsi:noNamespaceSchemaLocation="https://maven.apache.org/surefire/maven-surefire-plugin/xsd/surefire-test-report.xsd" name="Tests" time="1.214" tests="10" errors="0" skipped="0" failures="0">
  <properties>
[...]
</properties>
  <testcase name="Exception1Test on Exception1Test(Tests)" classname="Tests" time="0.01"/>
  <testcase name="Exception2Test on Exception2Test(Tests)" classname="Tests" time="0"/>
  <testcase name="Exception3Test on Exception3Test(Tests)" classname="Tests" time="0"/>
  <testcase name="Exception4Test on Exception4Test(Tests)" classname="Tests" time="0"/>
  <testcase name="Exception5Test on Exception5Test(Tests)" classname="Tests" time="0"/>
  <testcase name="Exception6Test on Exception6Test(Tests)" classname="Tests" time="0"/>
  <testcase name="Exception7Test on Exception7Test(Tests)" classname="Tests" time="0"/>
  <testcase name="Exception8Test on Exception8Test(Tests)" classname="Tests" time="0"/>
  <testcase name="Exception9Test on Exception9Test(Tests)" classname="Tests" time="0"/>
  <testcase name="Exception10Test on Exception10Test(Tests)" classname="Tests" time="0.06"/>
</testsuite>